<?xml version="1.0" encoding="UTF-8"?>
<!-- Generated by org.testng.reporters.JUnitXMLReporter -->
<testsuite ignored="0" hostname="LAPTOP-EEAS1CV9" failures="0" tests="1" name="Test-1" time="10.238" errors="0" timestamp="17 Jan 2024 10:13:20 GMT">
  <testcase classname="com.ShopperstackAutomationFramwork.testScripts.ValidLogin" name="validLogin" time="5.684"/>
</testsuite> <!-- Test-1 -->
