<?xml version="1.0" encoding="UTF-8"?>
<!-- Generated by org.testng.reporters.JUnitReportReporter -->
<testsuite hostname="LAPTOP-EEAS1CV9" failures="0" tests="1" name="com.ShopperstackAutomationFramwork.testScripts.AddToCart" time="10.357" errors="0" timestamp="23 Jan 2024 09:38:55 GMT" skipped="0">
  <testcase classname="com.ShopperstackAutomationFramwork.testScripts.AddToCart" name="addToCartIntoShopperstack" time="10.357"/>
</testsuite> <!-- com.ShopperstackAutomationFramwork.testScripts.AddToCart -->
